#-----------------------------------------------------------
# Vivado v2019.2 (64-bit)
# SW Build 2708876 on Wed Nov  6 21:40:23 MST 2019
# IP Build 2700528 on Thu Nov  7 00:09:20 MST 2019
# Start of session at: Tue Sep 22 19:39:38 2020
# Process ID: 14296
# Current directory: E:/study/vivado/TeamWork/bitmips_experiments/lab5/teach_soc/teach_soc.srcs/sources_1/ip/inst_ram
# Command line: vivado.exe -gui_launcher_event rodinguilauncherevent19292 E:\study\vivado\TeamWork\bitmips_experiments\lab5\teach_soc\teach_soc.srcs\sources_1\ip\inst_ram\inst_ram.dcp
# Log file: E:/study/vivado/TeamWork/bitmips_experiments/lab5/teach_soc/teach_soc.srcs/sources_1/ip/inst_ram/vivado.log
# Journal file: E:/study/vivado/TeamWork/bitmips_experiments/lab5/teach_soc/teach_soc.srcs/sources_1/ip/inst_ram\vivado.jou
#-----------------------------------------------------------
start_gui
open_checkpoint E:/study/vivado/TeamWork/bitmips_experiments/lab5/teach_soc/teach_soc.srcs/sources_1/ip/inst_ram/inst_ram.dcp
Command: open_checkpoint E:/study/vivado/TeamWork/bitmips_experiments/lab5/teach_soc/teach_soc.srcs/sources_1/ip/inst_ram/inst_ram.dcp

Starting open_checkpoint Task

Time (s): cpu = 00:00:00 ; elapsed = 00:00:00.061 . Memory (MB): peak = 658.695 ; gain = 5.109
INFO: [IP_Flow 19-234] Refreshing IP repositories
INFO: [IP_Flow 19-1704] No user IP repositories specified
INFO: [IP_Flow 19-2313] Loaded Vivado IP repository 'D:/Software/vivado/Vivado/Vivado/2019.2/data/ip'.
INFO: [Device 21-403] Loading part xc7a35tcsg324-1
Netlist sorting complete. Time (s): cpu = 00:00:00 ; elapsed = 00:00:00.027 . Memory (MB): peak = 990.535 ; gain = 0.000
INFO: [Netlist 29-17] Analyzing 46 Unisim elements for replacement
INFO: [Netlist 29-28] Unisim Transformation completed in 0 CPU seconds
INFO: [Project 1-479] Netlist was created with Vivado 2019.2
INFO: [Project 1-570] Preparing netlist for logic optimization
Netlist sorting complete. Time (s): cpu = 00:00:00 ; elapsed = 00:00:00.001 . Memory (MB): peak = 1097.355 ; gain = 0.000
INFO: [Project 1-111] Unisim Transformation Summary:
No Unisim elements were transformed.

INFO: [Project 1-604] Checkpoint was created with Vivado v2019.2 (64-bit) build 2708876
open_checkpoint: Time (s): cpu = 00:00:28 ; elapsed = 00:00:18 . Memory (MB): peak = 1209.523 ; gain = 571.688
exit
INFO: [Common 17-206] Exiting Vivado at Tue Sep 22 20:40:44 2020...
