Copyright 1986-2019 Xilinx, Inc. All Rights Reserved.
---------------------------------------------------------------------------------------
| Tool Version : Vivado v.2019.2 (win64) Build 2708876 Wed Nov  6 21:40:23 MST 2019
| Date         : Fri Sep 25 01:46:24 2020
| Host         : hgyPC running 64-bit major release  (build 9200)
| Command      : report_control_sets -verbose -file top_module_control_sets_placed.rpt
| Design       : top_module
| Device       : xc7a35t
---------------------------------------------------------------------------------------

Control Set Information

Table of Contents
-----------------
1. Summary
2. Histogram
3. Flip-Flop Distribution
4. Detailed Control Set Information

1. Summary
----------

+----------------------------------------------------------+-------+
|                          Status                          | Count |
+----------------------------------------------------------+-------+
| Total control sets                                       |   298 |
|    Minimum number of control sets                        |   298 |
|    Addition due to synthesis replication                 |     0 |
|    Addition due to physical synthesis replication        |     0 |
| Unused register locations in slices containing registers |    36 |
+----------------------------------------------------------+-------+
* Control sets can be merged at opt_design using control_set_merge or merge_equivalent_drivers
** Run report_qor_suggestions for automated merging and remapping suggestions


2. Histogram
------------

+--------------------+-------+
|       Fanout       | Count |
+--------------------+-------+
| Total control sets |   298 |
| >= 0 to < 4        |     2 |
| >= 4 to < 6        |     1 |
| >= 6 to < 8        |     3 |
| >= 8 to < 10       |   257 |
| >= 10 to < 12      |     0 |
| >= 12 to < 14      |     0 |
| >= 14 to < 16      |     0 |
| >= 16              |    35 |
+--------------------+-------+
* Control sets can be remapped at either synth_design or opt_design


3. Flip-Flop Distribution
-------------------------

+--------------+-----------------------+------------------------+-----------------+--------------+
| Clock Enable | Synchronous Set/Reset | Asynchronous Set/Reset | Total Registers | Total Slices |
+--------------+-----------------------+------------------------+-----------------+--------------+
| No           | No                    | No                     |               1 |            1 |
| No           | No                    | Yes                    |              91 |           32 |
| No           | Yes                   | No                     |             351 |          138 |
| Yes          | No                    | No                     |            1734 |         1546 |
| Yes          | No                    | Yes                    |            1380 |          865 |
| Yes          | Yes                   | No                     |              15 |            5 |
+--------------+-----------------------+------------------------+-----------------+--------------+


4. Detailed Control Set Information
-----------------------------------

+----------------------------+-------------------------------------+----------------------------------------+------------------+----------------+
|        Clock Signal        |            Enable Signal            |            Set/Reset Signal            | Slice Load Count | Bel Load Count |
+----------------------------+-------------------------------------+----------------------------------------+------------------+----------------+
|  clk_IBUF_BUFG             |                                     |                                        |                1 |              1 |
|  led/led_num_0/inst/clkdiv |                                     | led/led_num_0/inst/pianxuan[7]_i_2_n_0 |                1 |              1 |
|  clk_IBUF_BUFG             | getinst/pc/E[0]                     | register/p_0_in                        |                1 |              4 |
|  led/led_num_0/inst/flag   |                                     | led/led_num_0/inst/pianxuan[7]_i_2_n_0 |                1 |              6 |
|  clk_IBUF_BUFG             | led/led_num_0/inst/tube_n__0_n_0    | led/led_num_0/inst/tube_n[6]_i_1_n_0   |                2 |              6 |
|  led/led_num_0/inst/clkdiv | rst_IBUF                            |                                        |                3 |              6 |
|  clk_IBUF_BUFG             | blockc/MemWriteM_reg[0]_105[0]      |                                        |                7 |              8 |
|  clk_IBUF_BUFG             | blockc/MemWriteM_reg[0]_107[0]      |                                        |                8 |              8 |
|  clk_IBUF_BUFG             | blockc/MemWriteM_reg[0]_11[0]       | register/p_0_in                        |                8 |              8 |
|  clk_IBUF_BUFG             | blockc/MemWriteM_reg[0]_110[0]      |                                        |                8 |              8 |
|  clk_IBUF_BUFG             | blockc/E[0]                         |                                        |                7 |              8 |
|  clk_IBUF_BUFG             | blockc/MemWriteM_reg[0]_111[0]      |                                        |                8 |              8 |
|  clk_IBUF_BUFG             | blockc/MemWriteM_reg[0]_113[0]      |                                        |                8 |              8 |
|  clk_IBUF_BUFG             | blockc/MemWriteM_reg[0]_114[0]      |                                        |                8 |              8 |
|  clk_IBUF_BUFG             | blockc/MemWriteM_reg[0]_115[0]      |                                        |                7 |              8 |
|  clk_IBUF_BUFG             | blockc/MemWriteM_reg[0]_12[0]       | register/p_0_in                        |                6 |              8 |
|  clk_IBUF_BUFG             | blockc/MemWriteM_reg[0]_120[0]      |                                        |                7 |              8 |
|  clk_IBUF_BUFG             | blockc/MemWriteM_reg[0]_0[0]        | register/p_0_in                        |                8 |              8 |
|  clk_IBUF_BUFG             | blockc/ALUOutM_reg[7]_rep__2_0[0]   |                                        |                6 |              8 |
|  clk_IBUF_BUFG             | blockc/ALUOutM_reg[7]_rep__3_0[0]   |                                        |                6 |              8 |
|  clk_IBUF_BUFG             | blockc/MemWriteM_reg[0]_103[0]      |                                        |                8 |              8 |
|  clk_IBUF_BUFG             | blockc/MemWriteM_reg[0]_104[0]      |                                        |                8 |              8 |
|  clk_IBUF_BUFG             | blockc/MemWriteM_reg[0]_106[0]      |                                        |                8 |              8 |
|  clk_IBUF_BUFG             | blockc/MemWriteM_reg[0]_109[0]      |                                        |                8 |              8 |
|  clk_IBUF_BUFG             | blockc/ALUOutM_reg[7]_rep__0_0[0]   |                                        |                7 |              8 |
|  clk_IBUF_BUFG             | blockc/ALUOutM_reg[7]_rep__0_2[0]   |                                        |                4 |              8 |
|  clk_IBUF_BUFG             | blockc/MemWriteM_reg[0]_100[0]      |                                        |                6 |              8 |
|  clk_IBUF_BUFG             | blockc/MemWriteM_reg[0]_108[0]      |                                        |                7 |              8 |
|  clk_IBUF_BUFG             | blockc/MemWriteM_reg[0]_112[0]      |                                        |                7 |              8 |
|  clk_IBUF_BUFG             | blockc/MemWriteM_reg[0]_116[0]      |                                        |                6 |              8 |
|  clk_IBUF_BUFG             | blockc/MemWriteM_reg[0]_121[0]      |                                        |                6 |              8 |
|  clk_IBUF_BUFG             | blockc/MemWriteM_reg[0]_117[0]      |                                        |                7 |              8 |
|  clk_IBUF_BUFG             | blockc/MemWriteM_reg[0]_119[0]      |                                        |                8 |              8 |
|  clk_IBUF_BUFG             | blockc/MemWriteM_reg[0]_122[0]      |                                        |                8 |              8 |
|  clk_IBUF_BUFG             | blockc/MemWriteM_reg[0]_118[0]      |                                        |                6 |              8 |
|  clk_IBUF_BUFG             | blockc/ALUOutM_reg[7]_rep__1_1[0]   |                                        |                8 |              8 |
|  clk_IBUF_BUFG             | blockc/MemWriteM_reg[0]_102[0]      |                                        |                6 |              8 |
|  clk_IBUF_BUFG             | blockc/ALUOutM_reg[6]_rep__4_1[0]   |                                        |                8 |              8 |
|  clk_IBUF_BUFG             | blockc/ALUOutM_reg[6]_rep__4_0[0]   |                                        |                8 |              8 |
|  clk_IBUF_BUFG             | blockc/ALUOutM_reg[7]_rep__0_1[0]   |                                        |                6 |              8 |
|  clk_IBUF_BUFG             | blockc/ALUOutM_reg[7]_rep__1_0[0]   |                                        |                8 |              8 |
|  clk_IBUF_BUFG             | blockc/ALUOutM_reg[0]_rep_14[0]     |                                        |                7 |              8 |
|  clk_IBUF_BUFG             | blockc/ALUOutM_reg[0]_rep_2[0]      |                                        |                8 |              8 |
|  clk_IBUF_BUFG             | blockc/ALUOutM_reg[0]_rep_20[0]     |                                        |                8 |              8 |
|  clk_IBUF_BUFG             | blockc/ALUOutM_reg[0]_rep_29[0]     |                                        |                8 |              8 |
|  clk_IBUF_BUFG             | blockc/ALUOutM_reg[0]_rep_13[0]     |                                        |                7 |              8 |
|  clk_IBUF_BUFG             | blockc/ALUOutM_reg[0]_rep_30[0]     |                                        |                7 |              8 |
|  clk_IBUF_BUFG             | blockc/ALUOutM_reg[0]_rep_0[0]      |                                        |                8 |              8 |
|  clk_IBUF_BUFG             | blockc/ALUOutM_reg[0]_rep_15[0]     |                                        |                7 |              8 |
|  clk_IBUF_BUFG             | blockc/ALUOutM_reg[0]_rep_18[0]     |                                        |                8 |              8 |
|  clk_IBUF_BUFG             | blockc/ALUOutM_reg[0]_rep_24[0]     |                                        |                8 |              8 |
|  clk_IBUF_BUFG             | blockc/ALUOutM_reg[0]_rep_17[0]     |                                        |                8 |              8 |
|  clk_IBUF_BUFG             | blockc/ALUOutM_reg[0]_rep_16[0]     |                                        |                6 |              8 |
|  clk_IBUF_BUFG             | blockc/ALUOutM_reg[0]_rep_23[0]     |                                        |                7 |              8 |
|  clk_IBUF_BUFG             | blockc/ALUOutM_reg[0]_rep_25[0]     |                                        |                7 |              8 |
|  clk_IBUF_BUFG             | blockc/ALUOutM_reg[0]_rep_11[0]     |                                        |                8 |              8 |
|  clk_IBUF_BUFG             | blockc/ALUOutM_reg[0]_rep_26[0]     |                                        |                8 |              8 |
|  clk_IBUF_BUFG             | blockc/ALUOutM_reg[0]_rep_31[0]     |                                        |                8 |              8 |
|  clk_IBUF_BUFG             | blockc/ALUOutM_reg[0]_rep_28[0]     |                                        |                8 |              8 |
|  clk_IBUF_BUFG             | blockc/ALUOutM_reg[0]_rep_32[0]     |                                        |                7 |              8 |
|  clk_IBUF_BUFG             | blockc/ALUOutM_reg[0]_rep_33[0]     |                                        |                8 |              8 |
|  clk_IBUF_BUFG             | blockc/ALUOutM_reg[0]_rep_34[0]     |                                        |                8 |              8 |
|  clk_IBUF_BUFG             | blockc/ALUOutM_reg[0]_rep_35[0]     |                                        |                6 |              8 |
|  clk_IBUF_BUFG             | blockc/ALUOutM_reg[0]_rep_37[0]     |                                        |                8 |              8 |
|  clk_IBUF_BUFG             | blockc/ALUOutM_reg[0]_rep_38[0]     |                                        |                7 |              8 |
|  clk_IBUF_BUFG             | blockc/ALUOutM_reg[0]_rep_39[0]     |                                        |                7 |              8 |
|  clk_IBUF_BUFG             | blockc/ALUOutM_reg[0]_rep_1[0]      |                                        |                8 |              8 |
|  clk_IBUF_BUFG             | blockc/ALUOutM_reg[0]_rep_21[0]     |                                        |                8 |              8 |
|  clk_IBUF_BUFG             | blockc/ALUOutM_reg[0]_rep_3[0]      |                                        |                6 |              8 |
|  clk_IBUF_BUFG             | blockc/ALUOutM_reg[0]_rep_4[0]      |                                        |                8 |              8 |
|  clk_IBUF_BUFG             | blockc/ALUOutM_reg[0]_rep_40[0]     |                                        |                8 |              8 |
|  clk_IBUF_BUFG             | blockc/ALUOutM_reg[0]_rep_19[0]     |                                        |                5 |              8 |
|  clk_IBUF_BUFG             | blockc/ALUOutM_reg[0]_rep_27[0]     |                                        |                8 |              8 |
|  clk_IBUF_BUFG             | blockc/ALUOutM_reg[0]_rep_41[0]     |                                        |                7 |              8 |
|  clk_IBUF_BUFG             | blockc/ALUOutM_reg[0]_rep_22[0]     |                                        |                5 |              8 |
|  clk_IBUF_BUFG             | blockc/ALUOutM_reg[0]_rep_36[0]     |                                        |                8 |              8 |
|  clk_IBUF_BUFG             | blockc/ALUOutM_reg[0]_rep_42[0]     |                                        |                4 |              8 |
|  clk_IBUF_BUFG             | blockc/ALUOutM_reg[0]_rep_10[0]     |                                        |                7 |              8 |
|  clk_IBUF_BUFG             | blockc/ALUOutM_reg[0]_rep_12[0]     |                                        |                8 |              8 |
|  clk_IBUF_BUFG             | blockc/ALUOutM_reg[1]_rep__0_19[0]  |                                        |                8 |              8 |
|  clk_IBUF_BUFG             | blockc/ALUOutM_reg[0]_rep_7[0]      |                                        |                7 |              8 |
|  clk_IBUF_BUFG             | blockc/ALUOutM_reg[0]_rep_9[0]      |                                        |                7 |              8 |
|  clk_IBUF_BUFG             | blockc/ALUOutM_reg[1]_rep__0_14[0]  |                                        |                8 |              8 |
|  clk_IBUF_BUFG             | blockc/ALUOutM_reg[1]_rep__0_2[0]   |                                        |                5 |              8 |
|  clk_IBUF_BUFG             | blockc/ALUOutM_reg[1]_rep__0_7[0]   |                                        |                7 |              8 |
|  clk_IBUF_BUFG             | blockc/ALUOutM_reg[1]_rep__0_8[0]   |                                        |                7 |              8 |
|  clk_IBUF_BUFG             | blockc/ALUOutM_reg[0]_rep_52[0]     |                                        |                8 |              8 |
|  clk_IBUF_BUFG             | blockc/ALUOutM_reg[1]_rep__1_13[0]  |                                        |                7 |              8 |
|  clk_IBUF_BUFG             | blockc/ALUOutM_reg[1]_rep__0_3[0]   |                                        |                8 |              8 |
|  clk_IBUF_BUFG             | blockc/ALUOutM_reg[1]_rep__1_16[0]  |                                        |                7 |              8 |
|  clk_IBUF_BUFG             | blockc/ALUOutM_reg[1]_rep__0_13[0]  |                                        |                7 |              8 |
|  clk_IBUF_BUFG             | blockc/ALUOutM_reg[0]_rep_47[0]     |                                        |                8 |              8 |
|  clk_IBUF_BUFG             | blockc/ALUOutM_reg[1]_rep__0_0[0]   |                                        |                8 |              8 |
|  clk_IBUF_BUFG             | blockc/ALUOutM_reg[0]_rep_48[0]     |                                        |                7 |              8 |
|  clk_IBUF_BUFG             | blockc/ALUOutM_reg[1]_rep__0_16[0]  |                                        |                3 |              8 |
|  clk_IBUF_BUFG             | blockc/ALUOutM_reg[1]_rep__0_18[0]  |                                        |                7 |              8 |
|  clk_IBUF_BUFG             | blockc/ALUOutM_reg[1]_rep__0_15[0]  |                                        |                7 |              8 |
|  clk_IBUF_BUFG             | blockc/ALUOutM_reg[0]_rep_50[0]     |                                        |                7 |              8 |
|  clk_IBUF_BUFG             | blockc/ALUOutM_reg[1]_rep__0_10[0]  |                                        |                4 |              8 |
|  clk_IBUF_BUFG             | blockc/ALUOutM_reg[1]_rep__0_6[0]   |                                        |                8 |              8 |
|  clk_IBUF_BUFG             | blockc/ALUOutM_reg[1]_rep__1_0[0]   |                                        |                8 |              8 |
|  clk_IBUF_BUFG             | blockc/ALUOutM_reg[0]_rep_6[0]      |                                        |                8 |              8 |
|  clk_IBUF_BUFG             | blockc/ALUOutM_reg[1]_rep__1_1[0]   |                                        |                8 |              8 |
|  clk_IBUF_BUFG             | blockc/ALUOutM_reg[0]_rep_43[0]     |                                        |                8 |              8 |
|  clk_IBUF_BUFG             | blockc/ALUOutM_reg[0]_rep_44[0]     |                                        |                8 |              8 |
|  clk_IBUF_BUFG             | blockc/ALUOutM_reg[1]_rep__0_20[0]  |                                        |                7 |              8 |
|  clk_IBUF_BUFG             | blockc/ALUOutM_reg[1]_rep__0_17[0]  |                                        |                7 |              8 |
|  clk_IBUF_BUFG             | blockc/ALUOutM_reg[1]_rep__1_17[0]  |                                        |                7 |              8 |
|  clk_IBUF_BUFG             | blockc/ALUOutM_reg[1]_rep__1_2[0]   |                                        |                6 |              8 |
|  clk_IBUF_BUFG             | blockc/ALUOutM_reg[0]_rep_53[0]     |                                        |                6 |              8 |
|  clk_IBUF_BUFG             | blockc/ALUOutM_reg[0]_rep_5[0]      |                                        |                6 |              8 |
|  clk_IBUF_BUFG             | blockc/ALUOutM_reg[1]_rep__0_11[0]  |                                        |                7 |              8 |
|  clk_IBUF_BUFG             | blockc/ALUOutM_reg[1]_rep__1_10[0]  |                                        |                8 |              8 |
|  clk_IBUF_BUFG             | blockc/ALUOutM_reg[1]_rep__1_20[0]  |                                        |                7 |              8 |
|  clk_IBUF_BUFG             | blockc/ALUOutM_reg[1]_rep__1_23[0]  |                                        |                7 |              8 |
|  clk_IBUF_BUFG             | blockc/ALUOutM_reg[1]_rep__1_24[0]  |                                        |                8 |              8 |
|  clk_IBUF_BUFG             | blockc/ALUOutM_reg[1]_rep__0_12[0]  |                                        |                8 |              8 |
|  clk_IBUF_BUFG             | blockc/ALUOutM_reg[1]_rep__0_9[0]   |                                        |                8 |              8 |
|  clk_IBUF_BUFG             | blockc/ALUOutM_reg[1]_rep__1_25[0]  |                                        |                8 |              8 |
|  clk_IBUF_BUFG             | blockc/ALUOutM_reg[0]_rep_51[0]     |                                        |                7 |              8 |
|  clk_IBUF_BUFG             | blockc/ALUOutM_reg[1]_rep__1_26[0]  |                                        |                8 |              8 |
|  clk_IBUF_BUFG             | blockc/ALUOutM_reg[1]_rep__1_12[0]  |                                        |                8 |              8 |
|  clk_IBUF_BUFG             | blockc/ALUOutM_reg[1]_rep__1_28[0]  |                                        |                8 |              8 |
|  clk_IBUF_BUFG             | blockc/ALUOutM_reg[1]_rep__1_21[0]  |                                        |                8 |              8 |
|  clk_IBUF_BUFG             | blockc/ALUOutM_reg[1]_rep__1_14[0]  |                                        |                8 |              8 |
|  clk_IBUF_BUFG             | blockc/ALUOutM_reg[1]_rep__0_21[0]  |                                        |                8 |              8 |
|  clk_IBUF_BUFG             | blockc/ALUOutM_reg[1]_rep__1_22[0]  |                                        |                7 |              8 |
|  clk_IBUF_BUFG             | blockc/ALUOutM_reg[0]_rep_8[0]      |                                        |                8 |              8 |
|  clk_IBUF_BUFG             | blockc/ALUOutM_reg[1]_rep__0_4[0]   |                                        |                6 |              8 |
|  clk_IBUF_BUFG             | blockc/ALUOutM_reg[1]_rep__1_29[0]  |                                        |                7 |              8 |
|  clk_IBUF_BUFG             | blockc/ALUOutM_reg[1]_rep__1_11[0]  |                                        |                8 |              8 |
|  clk_IBUF_BUFG             | blockc/ALUOutM_reg[0]_rep_49[0]     |                                        |                8 |              8 |
|  clk_IBUF_BUFG             | blockc/ALUOutM_reg[1]_rep__1_3[0]   |                                        |                7 |              8 |
|  clk_IBUF_BUFG             | blockc/ALUOutM_reg[1]_rep__1_30[0]  |                                        |                7 |              8 |
|  clk_IBUF_BUFG             | blockc/ALUOutM_reg[0]_rep_45[0]     |                                        |                8 |              8 |
|  clk_IBUF_BUFG             | blockc/ALUOutM_reg[1]_rep__1_15[0]  |                                        |                7 |              8 |
|  clk_IBUF_BUFG             | blockc/ALUOutM_reg[1]_rep__1_27[0]  |                                        |                7 |              8 |
|  clk_IBUF_BUFG             | blockc/ALUOutM_reg[1]_rep__1_19[0]  |                                        |                7 |              8 |
|  clk_IBUF_BUFG             | blockc/ALUOutM_reg[1]_rep__0_1[0]   |                                        |                7 |              8 |
|  clk_IBUF_BUFG             | blockc/ALUOutM_reg[1]_rep__0_22[0]  |                                        |                8 |              8 |
|  clk_IBUF_BUFG             | blockc/ALUOutM_reg[1]_rep__0_5[0]   |                                        |                6 |              8 |
|  clk_IBUF_BUFG             | blockc/ALUOutM_reg[0]_rep_46[0]     |                                        |                8 |              8 |
|  clk_IBUF_BUFG             | blockc/ALUOutM_reg[1]_rep__1_18[0]  |                                        |                8 |              8 |
|  clk_IBUF_BUFG             | blockc/ALUOutM_reg[1]_rep__1_6[0]   |                                        |                8 |              8 |
|  clk_IBUF_BUFG             | blockc/ALUOutM_reg[1]_rep__1_7[0]   |                                        |                5 |              8 |
|  clk_IBUF_BUFG             | blockc/ALUOutM_reg[1]_rep__1_8[0]   |                                        |                7 |              8 |
|  clk_IBUF_BUFG             | blockc/ALUOutM_reg[1]_rep__1_4[0]   |                                        |                8 |              8 |
|  clk_IBUF_BUFG             | blockc/ALUOutM_reg[1]_rep__1_9[0]   |                                        |                7 |              8 |
|  clk_IBUF_BUFG             | blockc/ALUOutM_reg[1]_rep__1_5[0]   |                                        |                7 |              8 |
|  clk_IBUF_BUFG             | blockc/MemWriteM_reg[0]_23[0]       | register/p_0_in                        |                8 |              8 |
|  clk_IBUF_BUFG             | blockc/MemWriteM_reg[0]_57[0]       |                                        |                7 |              8 |
|  clk_IBUF_BUFG             | blockc/MemWriteM_reg[0]_128[0]      |                                        |                8 |              8 |
|  clk_IBUF_BUFG             | blockc/MemWriteM_reg[0]_42[0]       |                                        |                7 |              8 |
|  clk_IBUF_BUFG             | blockc/MemWriteM_reg[0]_131[0]      |                                        |                5 |              8 |
|  clk_IBUF_BUFG             | blockc/MemWriteM_reg[0]_137[0]      | register/p_0_in                        |                7 |              8 |
|  clk_IBUF_BUFG             | blockc/MemWriteM_reg[0]_126[0]      |                                        |                7 |              8 |
|  clk_IBUF_BUFG             | blockc/MemWriteM_reg[0]_31[0]       | register/p_0_in                        |                8 |              8 |
|  clk_IBUF_BUFG             | blockc/MemWriteM_reg[0]_29[0]       | register/p_0_in                        |                5 |              8 |
|  clk_IBUF_BUFG             | blockc/MemWriteM_reg[0]_30[0]       | register/p_0_in                        |                5 |              8 |
|  clk_IBUF_BUFG             | blockc/MemWriteM_reg[0]_4[0]        | register/p_0_in                        |                8 |              8 |
|  clk_IBUF_BUFG             | blockc/MemWriteM_reg[0]_25[0]       | register/p_0_in                        |                6 |              8 |
|  clk_IBUF_BUFG             | blockc/MemWriteM_reg[0]_124[0]      |                                        |                7 |              8 |
|  clk_IBUF_BUFG             | blockc/MemWriteM_reg[0]_16[0]       | register/p_0_in                        |                8 |              8 |
|  clk_IBUF_BUFG             | blockc/MemWriteM_reg[0]_34[0]       | register/p_0_in                        |                7 |              8 |
|  clk_IBUF_BUFG             | blockc/MemWriteM_reg[0]_43[0]       |                                        |                6 |              8 |
|  clk_IBUF_BUFG             | blockc/MemWriteM_reg[0]_55[0]       |                                        |                7 |              8 |
|  clk_IBUF_BUFG             | blockc/MemWriteM_reg[0]_134[0]      |                                        |                7 |              8 |
|  clk_IBUF_BUFG             | blockc/MemWriteM_reg[0]_2[0]        | register/p_0_in                        |                8 |              8 |
|  clk_IBUF_BUFG             | blockc/MemWriteM_reg[0]_27[0]       | register/p_0_in                        |                5 |              8 |
|  clk_IBUF_BUFG             | blockc/MemWriteM_reg[0]_38[0]       | register/p_0_in                        |                8 |              8 |
|  clk_IBUF_BUFG             | blockc/MemWriteM_reg[0]_28[0]       | register/p_0_in                        |                7 |              8 |
|  clk_IBUF_BUFG             | blockc/MemWriteM_reg[0]_136[0]      |                                        |                8 |              8 |
|  clk_IBUF_BUFG             | blockc/MemWriteM_reg[0]_17[0]       | register/p_0_in                        |                8 |              8 |
|  clk_IBUF_BUFG             | blockc/MemWriteM_reg[0]_35[0]       | register/p_0_in                        |                8 |              8 |
|  clk_IBUF_BUFG             | blockc/MemWriteM_reg[0]_135[0]      |                                        |                7 |              8 |
|  clk_IBUF_BUFG             | blockc/MemWriteM_reg[0]_26[0]       | register/p_0_in                        |                5 |              8 |
|  clk_IBUF_BUFG             | blockc/MemWriteM_reg[0]_44[0]       |                                        |                5 |              8 |
|  clk_IBUF_BUFG             | blockc/MemWriteM_reg[0]_129[0]      |                                        |                7 |              8 |
|  clk_IBUF_BUFG             | blockc/MemWriteM_reg[0]_45[0]       |                                        |                8 |              8 |
|  clk_IBUF_BUFG             | blockc/MemWriteM_reg[0]_40[0]       |                                        |                5 |              8 |
|  clk_IBUF_BUFG             | blockc/MemWriteM_reg[0]_19[0]       | register/p_0_in                        |                6 |              8 |
|  clk_IBUF_BUFG             | blockc/MemWriteM_reg[0]_123[0]      |                                        |                7 |              8 |
|  clk_IBUF_BUFG             | blockc/MemWriteM_reg[0]_15[0]       | register/p_0_in                        |                7 |              8 |
|  clk_IBUF_BUFG             | blockc/MemWriteM_reg[0]_21[0]       | register/p_0_in                        |                8 |              8 |
|  clk_IBUF_BUFG             | blockc/MemWriteM_reg[0]_32[0]       | register/p_0_in                        |                8 |              8 |
|  clk_IBUF_BUFG             | blockc/MemWriteM_reg[0]_33[0]       | register/p_0_in                        |                8 |              8 |
|  clk_IBUF_BUFG             | blockc/MemWriteM_reg[0]_130[0]      |                                        |                8 |              8 |
|  clk_IBUF_BUFG             | blockc/MemWriteM_reg[0]_127[0]      |                                        |                8 |              8 |
|  clk_IBUF_BUFG             | blockc/MemWriteM_reg[0]_37[0]       | register/p_0_in                        |                5 |              8 |
|  clk_IBUF_BUFG             | blockc/MemWriteM_reg[0]_39[0]       |                                        |                4 |              8 |
|  clk_IBUF_BUFG             | blockc/MemWriteM_reg[0]_46[0]       |                                        |                7 |              8 |
|  clk_IBUF_BUFG             | blockc/MemWriteM_reg[0]_132[0]      |                                        |                7 |              8 |
|  clk_IBUF_BUFG             | blockc/MemWriteM_reg[0]_47[0]       |                                        |                6 |              8 |
|  clk_IBUF_BUFG             | blockc/MemWriteM_reg[0]_51[0]       |                                        |                8 |              8 |
|  clk_IBUF_BUFG             | blockc/MemWriteM_reg[0]_52[0]       |                                        |                8 |              8 |
|  clk_IBUF_BUFG             | blockc/MemWriteM_reg[0]_13[0]       | register/p_0_in                        |                6 |              8 |
|  clk_IBUF_BUFG             | blockc/MemWriteM_reg[0]_48[0]       |                                        |                7 |              8 |
|  clk_IBUF_BUFG             | blockc/MemWriteM_reg[0]_5[0]        | register/p_0_in                        |                8 |              8 |
|  clk_IBUF_BUFG             | blockc/MemWriteM_reg[0]_53[0]       |                                        |                8 |              8 |
|  clk_IBUF_BUFG             | blockc/MemWriteM_reg[0]_22[0]       | register/p_0_in                        |                5 |              8 |
|  clk_IBUF_BUFG             | blockc/MemWriteM_reg[0]_18[0]       | register/p_0_in                        |                8 |              8 |
|  clk_IBUF_BUFG             | blockc/MemWriteM_reg[0]_3[0]        | register/p_0_in                        |                8 |              8 |
|  clk_IBUF_BUFG             | blockc/MemWriteM_reg[0]_36[0]       | register/p_0_in                        |                7 |              8 |
|  clk_IBUF_BUFG             | blockc/MemWriteM_reg[0]_41[0]       |                                        |                6 |              8 |
|  clk_IBUF_BUFG             | blockc/MemWriteM_reg[0]_133[0]      |                                        |                8 |              8 |
|  clk_IBUF_BUFG             | blockc/MemWriteM_reg[0]_49[0]       |                                        |                7 |              8 |
|  clk_IBUF_BUFG             | blockc/MemWriteM_reg[0]_14[0]       | register/p_0_in                        |                7 |              8 |
|  clk_IBUF_BUFG             | blockc/MemWriteM_reg[0]_50[0]       |                                        |                5 |              8 |
|  clk_IBUF_BUFG             | blockc/MemWriteM_reg[0]_125[0]      |                                        |                7 |              8 |
|  clk_IBUF_BUFG             | blockc/MemWriteM_reg[0]_24[0]       | register/p_0_in                        |                6 |              8 |
|  clk_IBUF_BUFG             | blockc/MemWriteM_reg[0]_54[0]       |                                        |                8 |              8 |
|  clk_IBUF_BUFG             | blockc/MemWriteM_reg[0]_56[0]       |                                        |                8 |              8 |
|  clk_IBUF_BUFG             | blockc/MemWriteM_reg[0]_61[0]       |                                        |                7 |              8 |
|  clk_IBUF_BUFG             | blockc/MemWriteM_reg[0]_67[0]       |                                        |                7 |              8 |
|  clk_IBUF_BUFG             | blockc/MemWriteM_reg[0]_89[0]       |                                        |                7 |              8 |
|  clk_IBUF_BUFG             | blockc/MemWriteM_reg[0]_70[0]       |                                        |                4 |              8 |
|  clk_IBUF_BUFG             | blockc/MemWriteM_reg[0]_77[0]       |                                        |                8 |              8 |
|  clk_IBUF_BUFG             | blockc/MemWriteM_reg[0]_86[0]       |                                        |                7 |              8 |
|  clk_IBUF_BUFG             | blockc/MemWriteM_reg[0]_7[0]        | register/p_0_in                        |                6 |              8 |
|  clk_IBUF_BUFG             | blockc/MemWriteM_reg[0]_91[0]       |                                        |                7 |              8 |
|  clk_IBUF_BUFG             | blockc/MemWriteM_reg[0]_99[0]       |                                        |                7 |              8 |
|  clk_IBUF_BUFG             | blockc/MemWriteM_reg[0]_71[0]       |                                        |                6 |              8 |
|  clk_IBUF_BUFG             | blockc/MemWriteM_reg[0]_63[0]       |                                        |                7 |              8 |
|  clk_IBUF_BUFG             | blockc/MemWriteM_reg[0]_60[0]       |                                        |                5 |              8 |
|  clk_IBUF_BUFG             | blockc/MemWriteM_reg[0]_69[0]       |                                        |                7 |              8 |
|  clk_IBUF_BUFG             | blockc/MemWriteM_reg[0]_20[0]       | register/p_0_in                        |                8 |              8 |
|  clk_IBUF_BUFG             | blockc/MemWriteM_reg[0]_73[0]       |                                        |                6 |              8 |
|  clk_IBUF_BUFG             | blockc/MemWriteM_reg[0]_9[0]        | register/p_0_in                        |                8 |              8 |
|  clk_IBUF_BUFG             | blockc/MemWriteM_reg[0]_90[0]       |                                        |                7 |              8 |
|  clk_IBUF_BUFG             | blockc/MemWriteM_reg[0]_58[0]       |                                        |                8 |              8 |
|  clk_IBUF_BUFG             | blockc/MemWriteM_reg[0]_80[0]       |                                        |                7 |              8 |
|  clk_IBUF_BUFG             | blockc/MemWriteM_reg[0]_83[0]       |                                        |                7 |              8 |
|  clk_IBUF_BUFG             | blockc/MemWriteM_reg[0]_95[0]       |                                        |                8 |              8 |
|  clk_IBUF_BUFG             | blockc/MemWriteM_reg[0]_75[0]       |                                        |                8 |              8 |
|  clk_IBUF_BUFG             | blockc/MemWriteM_reg[0]_62[0]       |                                        |                8 |              8 |
|  clk_IBUF_BUFG             | blockc/MemWriteM_reg[0]_81[0]       |                                        |                8 |              8 |
|  clk_IBUF_BUFG             | blockc/MemWriteM_reg[0]_72[0]       |                                        |                8 |              8 |
|  clk_IBUF_BUFG             | blockc/MemWriteM_reg[0]_94[0]       |                                        |                7 |              8 |
|  clk_IBUF_BUFG             | blockc/MemWriteM_reg[0]_85[0]       |                                        |                6 |              8 |
|  clk_IBUF_BUFG             | blockc/MemWriteM_reg[0]_6[0]        | register/p_0_in                        |                8 |              8 |
|  clk_IBUF_BUFG             | blockc/MemWriteM_reg[0]_74[0]       |                                        |                7 |              8 |
|  clk_IBUF_BUFG             | blockc/MemWriteM_reg[0]_98[0]       |                                        |                8 |              8 |
|  clk_IBUF_BUFG             | blockc/MemWriteM_reg[0]_97[0]       |                                        |                8 |              8 |
|  clk_IBUF_BUFG             | blockc/MemWriteM_reg[0]_87[0]       |                                        |                8 |              8 |
|  clk_IBUF_BUFG             | blockc/MemWriteM_reg[0]_68[0]       |                                        |                6 |              8 |
|  clk_IBUF_BUFG             | blockc/MemWriteM_reg[0]_84[0]       |                                        |                7 |              8 |
|  clk_IBUF_BUFG             | blockc/MemWriteM_reg[0]_66[0]       |                                        |                8 |              8 |
|  clk_IBUF_BUFG             | blockc/MemWriteM_reg[0]_65[0]       |                                        |                7 |              8 |
|  clk_IBUF_BUFG             | blockc/MemWriteM_reg[0]_76[0]       |                                        |                7 |              8 |
|  clk_IBUF_BUFG             | blockc/MemWriteM_reg[0]_96[0]       |                                        |                7 |              8 |
|  clk_IBUF_BUFG             | blockc/MemWriteM_reg[0]_88[0]       |                                        |                8 |              8 |
|  clk_IBUF_BUFG             | blockc/MemWriteM_reg[0]_93[0]       |                                        |                6 |              8 |
|  clk_IBUF_BUFG             | blockc/MemWriteM_reg[0]_64[0]       |                                        |                7 |              8 |
|  clk_IBUF_BUFG             | blockc/MemWriteM_reg[0]_79[0]       |                                        |                7 |              8 |
|  clk_IBUF_BUFG             | blockc/MemWriteM_reg[0]_78[0]       |                                        |                8 |              8 |
|  clk_IBUF_BUFG             | blockc/MemWriteM_reg[0]_8[0]        | register/p_0_in                        |                8 |              8 |
|  clk_IBUF_BUFG             | blockc/MemWriteM_reg[0]_92[0]       |                                        |                8 |              8 |
|  clk_IBUF_BUFG             | blockc/MemWriteM_reg[0]_59[0]       |                                        |                7 |              8 |
|  clk_IBUF_BUFG             | blockc/MemWriteM_reg[0]_1[0]        | register/p_0_in                        |                8 |              8 |
|  clk_IBUF_BUFG             | blockc/MemWriteM_reg[0]_10[0]       | register/p_0_in                        |                8 |              8 |
|  clk_IBUF_BUFG             | blockc/MemWriteM_reg[0]_101[0]      |                                        |                6 |              8 |
|  clk_IBUF_BUFG             | blockc/MemWriteM_reg[0]_82[0]       |                                        |                7 |              8 |
|  clk_IBUF_BUFG             | getinst/pc/p_1_in                   | register/p_0_in                        |                3 |              9 |
|  clk_IBUF_BUFG             |                                     | led/led_num_0/inst/pianxuan[7]_i_2_n_0 |                8 |             24 |
|  clk_IBUF_BUFG             | blockd/RegWriteW_reg_12[0]          | register/p_0_in                        |               18 |             32 |
|  clk_IBUF_BUFG             | blockd/RegWriteW_reg_14[0]          | register/p_0_in                        |               17 |             32 |
|  clk_IBUF_BUFG             | blockd/RegWriteW_reg_16[0]          | register/p_0_in                        |               14 |             32 |
|  clk_IBUF_BUFG             | blockd/RegWriteW_reg_19[0]          | register/p_0_in                        |               15 |             32 |
|  clk_IBUF_BUFG             | blockd/RegWriteW_reg_15[0]          | register/p_0_in                        |               19 |             32 |
|  clk_IBUF_BUFG             | blockd/RegWriteW_reg_20[0]          | register/p_0_in                        |               15 |             32 |
|  clk_IBUF_BUFG             | blockd/RegWriteW_reg_27[0]          | register/p_0_in                        |               17 |             32 |
|  clk_IBUF_BUFG             | blockd/RegWriteW_reg_10[0]          | register/p_0_in                        |               17 |             32 |
|  clk_IBUF_BUFG             | blockd/RegWriteW_reg_11[0]          | register/p_0_in                        |               18 |             32 |
|  clk_IBUF_BUFG             | blockd/RegWriteW_reg_13[0]          | register/p_0_in                        |               20 |             32 |
|  clk_IBUF_BUFG             | blockd/E[0]                         | register/p_0_in                        |               21 |             32 |
|  clk_IBUF_BUFG             | blockd/RegWriteW_reg_7[0]           | register/p_0_in                        |               22 |             32 |
|  clk_IBUF_BUFG             | blockd/RegWriteW_reg_30[0]          | register/p_0_in                        |               19 |             32 |
|  clk_IBUF_BUFG             | blockd/RegWriteW_reg_4[0]           | register/p_0_in                        |               16 |             32 |
|  clk_IBUF_BUFG             | blockd/RegWriteW_reg_29[0]          | register/p_0_in                        |               12 |             32 |
|  clk_IBUF_BUFG             | blockd/RegWriteW_reg_3[0]           | register/p_0_in                        |               13 |             32 |
|  clk_IBUF_BUFG             | blockd/RegWriteW_reg_6[0]           | register/p_0_in                        |               19 |             32 |
|  clk_IBUF_BUFG             | blockd/RegWriteW_reg_5[0]           | register/p_0_in                        |               17 |             32 |
|  clk_IBUF_BUFG             | blockd/RegWriteW_reg_9[0]           | register/p_0_in                        |               19 |             32 |
|  clk_IBUF_BUFG             | blockd/RegWriteW_reg_28[0]          | register/p_0_in                        |               21 |             32 |
|  clk_IBUF_BUFG             | blockd/RegWriteW_reg_8[0]           | register/p_0_in                        |               21 |             32 |
|  clk_IBUF_BUFG             | blockd/RegWriteW_reg_25[0]          | register/p_0_in                        |               22 |             32 |
|  clk_IBUF_BUFG             | blockd/RegWriteW_reg_26[0]          | register/p_0_in                        |               17 |             32 |
|  clk_IBUF_BUFG             | blockd/RegWriteW_reg_18[0]          | register/p_0_in                        |               13 |             32 |
|  clk_IBUF_BUFG             | blockd/RegWriteW_reg_2[0]           | register/p_0_in                        |               18 |             32 |
|  clk_IBUF_BUFG             | blockd/RegWriteW_reg_1[0]           | register/p_0_in                        |               17 |             32 |
|  clk_IBUF_BUFG             | blockd/RegWriteW_reg_0[0]           | register/p_0_in                        |               23 |             32 |
|  clk_IBUF_BUFG             | blockd/RegWriteW_reg_21[0]          | register/p_0_in                        |               20 |             32 |
|  clk_IBUF_BUFG             | blockd/RegWriteW_reg_22[0]          | register/p_0_in                        |               16 |             32 |
|  clk_IBUF_BUFG             | led/led_num_0/inst/count[0]_i_1_n_0 | led/led_num_0/inst/pianxuan[7]_i_2_n_0 |                8 |             32 |
|  clk_IBUF_BUFG             | blockd/RegWriteW_reg_23[0]          | register/p_0_in                        |               19 |             32 |
|  clk_IBUF_BUFG             | blockd/RegWriteW_reg_24[0]          | register/p_0_in                        |               22 |             32 |
|  clk_IBUF_BUFG             | blockd/RegWriteW_reg_17[0]          | register/p_0_in                        |               15 |             32 |
|  clk_IBUF_BUFG             |                                     | register/p_0_in                        |              160 |            411 |
+----------------------------+-------------------------------------+----------------------------------------+------------------+----------------+


